

Microchip MPLAB XC8 Assembler V2.32 build 20210201212658 
                                                                                               Fri Feb 25 13:46:06 2022

Microchip MPLAB XC8 C Compiler v2.32 (Free license) build 20210201212658 Og1 
     1                           	processor	18F25K42
     2                           	fnconf	rparam,??,?,0
     3                           	pagewidth 120
     4                           	opt	flic
     5                           	psect	cinit,global,reloc=2,class=CODE,delta=1
     6                           	psect	cstackCOMRAM,global,class=COMRAM,space=1,delta=1,lowdata,noexec
     7                           	psect	text0,global,reloc=2,class=CODE,delta=1
     8                           	psect	text1,global,reloc=2,class=CODE,delta=1
     9                           	psect	text2,global,reloc=2,class=CODE,delta=1
    10                           	psect	text3,global,reloc=2,class=CODE,delta=1
    11                           	psect	text4,global,reloc=2,class=CODE,delta=1
    12                           	psect	text5,global,reloc=2,class=CODE,delta=1
    13                           	psect	text6,global,reloc=2,class=CODE,delta=1
    14                           	psect	text7,global,reloc=2,class=CODE,delta=1
    15                           	psect	text8,global,reloc=2,class=CODE,delta=1
    16                           	psect	intsave_regs,global,class=BIGRAM,space=1,delta=1,noexec
    17                           	psect	rparam,global,class=COMRAM,space=1,delta=1,noexec
    18                           	psect	idloc,global,abs,ovrld,class=IDLOC,space=5,delta=1,noexec
    19                           	psect	config,global,abs,ovrld,class=CONFIG,space=4,delta=1,noexec
    20  0000                     
    21                           ; Version 2.20
    22                           ; Generated 05/05/2020 GMT
    23                           ; 
    24                           ; Copyright © 2020, Microchip Technology Inc. and its subsidiaries ("Microchip")
    25                           ; All rights reserved.
    26                           ; 
    27                           ; This software is developed by Microchip Technology Inc. and its subsidiaries ("Microch
      +                          ip").
    28                           ; 
    29                           ; Redistribution and use in source and binary forms, with or without modification, are
    30                           ; permitted provided that the following conditions are met:
    31                           ; 
    32                           ;     1. Redistributions of source code must retain the above copyright notice, this lis
      +                          t of
    33                           ;        conditions and the following disclaimer.
    34                           ; 
    35                           ;     2. Redistributions in binary form must reproduce the above copyright notice, this 
      +                          list
    36                           ;        of conditions and the following disclaimer in the documentation and/or other
    37                           ;        materials provided with the distribution.
    38                           ; 
    39                           ;     3. Microchip's name may not be used to endorse or promote products derived from th
      +                          is
    40                           ;        software without specific prior written permission.
    41                           ; 
    42                           ; THIS SOFTWARE IS PROVIDED BY MICROCHIP "AS IS" AND ANY EXPRESS OR IMPLIED WARRANTIES,
    43                           ; INCLUDING, BUT NOT LIMITED TO, THE IMPLIED WARRANTIES OF MERCHANTABILITY AND FITNESS F
      +                          OR
    44                           ; PURPOSE ARE DISCLAIMED.  IN NO EVENT SHALL MICROCHIP BE LIABLE FOR ANY DIRECT, INDIREC
      +                          T,
    45                           ; INCIDENTAL, SPECIAL, EXEMPLARY, OR CONSEQUENTIAL DAMAGES (INCLUDING BUT NOT LIMITED TO
    46                           ; PROCUREMENT OF SUBSTITUTE GOODS OR SERVICES; LOSS OF USE, DATA OR PROFITS; OR BUSINESS
    47                           ; INTERRUPTION) HOWSOEVER CAUSED AND ON ANY THEORY OF LIABILITY, WHETHER IN CONTRACT, ST
      +                          RICT
    48                           ; LIABILITY, OR TORT (INCLUDING NEGLIGENCE OR OTHERWISE) ARISING IN ANY WAY OUT OF THE U
      +                          SE OF
    49                           ; THIS SOFTWARE, EVEN IF ADVISED OF THE POSSIBILITY OF SUCH DAMAGE.
    50                           ; 
    51                           ; 
    52                           ; Code-generator required, PIC18F25K42 Definitions
    53                           ; 
    54                           ; SFR Addresses
    55  0000                     _PMD7	set	14791
    56  0000                     _PMD6	set	14790
    57  0000                     _PMD5	set	14789
    58  0000                     _PMD4	set	14788
    59  0000                     _PMD3	set	14787
    60  0000                     _PMD2	set	14786
    61  0000                     _PMD1	set	14785
    62  0000                     _PMD0	set	14784
    63  0000                     _OSCTUNE	set	14814
    64  0000                     _OSCFRQ	set	14815
    65  0000                     _OSCEN	set	14813
    66  0000                     _OSCCON3	set	14811
    67  0000                     _OSCCON1	set	14809
    68  0000                     _INLVLE	set	14980
    69  0000                     _INLVLC	set	14948
    70  0000                     _INLVLB	set	14932
    71  0000                     _INLVLA	set	14916
    72  0000                     _SLRCONC	set	14947
    73  0000                     _SLRCONB	set	14931
    74  0000                     _SLRCONA	set	14915
    75  0000                     _ODCONC	set	14946
    76  0000                     _ODCONB	set	14930
    77  0000                     _ODCONA	set	14914
    78  0000                     _RC4I2C	set	14955
    79  0000                     _RC3I2C	set	14954
    80  0000                     _RB2I2C	set	14939
    81  0000                     _RB1I2C	set	14938
    82  0000                     _WPUC	set	14945
    83  0000                     _WPUA	set	14913
    84  0000                     _WPUB	set	14929
    85  0000                     _WPUE	set	14977
    86  0000                     _ANSELA	set	14912
    87  0000                     _ANSELB	set	14928
    88  0000                     _ANSELC	set	14944
    89  0000                     _ADCON1bits	set	16121
    90  0000                     _ADERRL	set	16098
    91  0000                     _ADERRH	set	16099
    92  0000                     _ADPREVL	set	16109
    93  0000                     _ADPREVH	set	16110
    94  0000                     _ADFLTRL	set	16102
    95  0000                     _ADFLTRH	set	16103
    96  0000                     _ADSTATbits	set	16124
    97  0000                     _ADACCL	set	16104
    98  0000                     _ADACCH	set	16105
    99  0000                     _ADCON2bits	set	16122
   100  0000                     _ADCNT	set	16107
   101  0000                     _ADCON3bits	set	16123
   102  0000                     _ADRESL	set	16111
   103  0000                     _ADRESH	set	16112
   104  0000                     _ADCON0bits	set	16120
   105  0000                     _ADCON0	set	16120
   106  0000                     _ADCLK	set	16127
   107  0000                     _ADACT	set	16126
   108  0000                     _ADREF	set	16125
   109  0000                     _ADSTAT	set	16124
   110  0000                     _ADCON3	set	16123
   111  0000                     _ADCON2	set	16122
   112  0000                     _ADCON1	set	16121
   113  0000                     _ADPREH	set	16119
   114  0000                     _ADPREL	set	16118
   115  0000                     _ADCAP	set	16117
   116  0000                     _ADACQH	set	16116
   117  0000                     _ADACQL	set	16115
   118  0000                     _ADPCH	set	16113
   119  0000                     _ADRPT	set	16108
   120  0000                     _ADACCU	set	16106
   121  0000                     _ADSTPTH	set	16101
   122  0000                     _ADSTPTL	set	16100
   123  0000                     _ADUTHH	set	16097
   124  0000                     _ADUTHL	set	16096
   125  0000                     _ADLTHH	set	16095
   126  0000                     _ADLTHL	set	16094
   127  0000                     _TRISC	set	16324
   128  0000                     _TRISB	set	16323
   129  0000                     _TRISA	set	16322
   130  0000                     _LATC	set	16316
   131  0000                     _LATB	set	16315
   132  0000                     _LATA	set	16314
   133  0000                     _LATCbits	set	16316
   134  0000                     _RA0	set	130640
   135                           
   136                           ; #config settings
   137                           
   138                           	psect	cinit
   139  007E1C                     __pcinit:
   140                           	callstack 0
   141  007E1C                     start_initialization:
   142                           	callstack 0
   143  007E1C                     __initialization:
   144                           	callstack 0
   145  007E1C                     end_of_initialization:
   146                           	callstack 0
   147  007E1C                     __end_of__initialization:
   148                           	callstack 0
   149  007E1C  0100               	movlb	0
   150  007E1E  EFB3  F03F         	goto	_main	;jump to C main() function
   151                           
   152                           	psect	cstackCOMRAM
   153  000001                     __pcstackCOMRAM:
   154                           	callstack 0
   155  000001                     ?_ADCC_GetConversionResult:
   156                           	callstack 0
   157  000001                     ADCC_StartConversion@channel:
   158                           	callstack 0
   159                           
   160                           ; 1 bytes @ 0x0
   161  000001                     	ds	2
   162  000003                     ??_ADCC_GetConversionResult:
   163                           
   164                           ; 1 bytes @ 0x2
   165  000003                     	ds	2
   166  000005                     main@temperature:
   167                           	callstack 0
   168                           
   169                           ; 2 bytes @ 0x4
   170  000005                     	ds	2
   171                           
   172 ;;
   173 ;;Main: autosize = 0, tempsize = 0, incstack = 0, save=0
   174 ;;
   175 ;; *************** function _main *****************
   176 ;; Defined at:
   177 ;;		line 49 in file "main.c"
   178 ;; Parameters:    Size  Location     Type
   179 ;;		None
   180 ;; Auto vars:     Size  Location     Type
   181 ;;  temperature     2    4[COMRAM] unsigned short 
   182 ;;  x               2    0        int 
   183 ;; Return value:  Size  Location     Type
   184 ;;                  1    wreg      void 
   185 ;; Registers used:
   186 ;;		wreg, status,2, status,0, cstack
   187 ;; Tracked objects:
   188 ;;		On entry : 0/0
   189 ;;		On exit  : 0/0
   190 ;;		Unchanged: 0/0
   191 ;; Data sizes:     COMRAM   BANK0   BANK1   BANK2   BANK3   BANK4   BANK5   BANK6   BANK7
   192 ;;      Params:         0       0       0       0       0       0       0       0       0
   193 ;;      Locals:         2       0       0       0       0       0       0       0       0
   194 ;;      Temps:          0       0       0       0       0       0       0       0       0
   195 ;;      Totals:         2       0       0       0       0       0       0       0       0
   196 ;;Total ram usage:        2 bytes
   197 ;; Hardware stack levels required when called: 2
   198 ;; This function calls:
   199 ;;		_ADCC_GetConversionResult
   200 ;;		_ADCC_IsConversionDone
   201 ;;		_ADCC_StartConversion
   202 ;;		_SYSTEM_Initialize
   203 ;; This function is called by:
   204 ;;		Startup code after reset
   205 ;; This function uses a non-reentrant model
   206 ;;
   207                           
   208                           	psect	text0
   209  007F66                     __ptext0:
   210                           	callstack 0
   211  007F66                     _main:
   212                           	callstack 29
   213  007F66                     
   214                           ;main.c: 52:     SYSTEM_Initialize();
   215  007F66  EC19  F03F         	call	_SYSTEM_Initialize	;wreg free
   216  007F6A                     l1120:
   217                           
   218                           ;main.c: 66:     {;main.c: 67:         adc_result_t temperature;;main.c: 68:         ADC
      +                          C_StartConversion(RA0);
   219  007F6A  0E00               	movlw	0
   220  007F6C  B0CA               	btfsc	16330,0,c	;volatile
   221  007F6E  0E01               	movlw	1
   222  007F70  EC11  F03F         	call	_ADCC_StartConversion
   223  007F74                     l1122:
   224  007F74  EC2D  F03F         	call	_ADCC_IsConversionDone	;wreg free
   225  007F78  0900               	iorlw	0
   226  007F7A  B4D8               	btfsc	status,2,c
   227  007F7C  EFC2  F03F         	goto	u91
   228  007F80  EFC4  F03F         	goto	u90
   229  007F84                     u91:
   230  007F84  EFBA  F03F         	goto	l1122
   231  007F88                     u90:
   232  007F88                     
   233                           ;main.c: 70:         temperature = ADCC_GetConversionResult();
   234  007F88  EC22  F03F         	call	_ADCC_GetConversionResult	;wreg free
   235  007F8C  C001  F005         	movff	?_ADCC_GetConversionResult,main@temperature
   236  007F90  C002  F006         	movff	?_ADCC_GetConversionResult+1,main@temperature+1
   237  007F94                     
   238                           ;main.c: 74:         if(temperature <= 1138)
   239  007F94  0E73               	movlw	115
   240  007F96  5C05               	subwf	main@temperature^0,w,c
   241  007F98  0E04               	movlw	4
   242  007F9A  5806               	subwfb	(main@temperature+1)^0,w,c
   243  007F9C  B0D8               	btfsc	status,0,c
   244  007F9E  EFD3  F03F         	goto	u101
   245  007FA2  EFD5  F03F         	goto	u100
   246  007FA6                     u101:
   247  007FA6  EFD6  F03F         	goto	l1130
   248  007FAA                     u100:
   249  007FAA  8EBC               	bsf	188,7,c	;volatile
   250  007FAC                     l1130:
   251                           
   252                           ;main.c: 79:         if(temperature >= 1140)
   253  007FAC  0E74               	movlw	116
   254  007FAE  5C05               	subwf	main@temperature^0,w,c
   255  007FB0  0E04               	movlw	4
   256  007FB2  5806               	subwfb	(main@temperature+1)^0,w,c
   257  007FB4  A0D8               	btfss	status,0,c
   258  007FB6  EFDF  F03F         	goto	u111
   259  007FBA  EFE1  F03F         	goto	u110
   260  007FBE                     u111:
   261  007FBE  EFE2  F03F         	goto	l1132
   262  007FC2                     u110:
   263  007FC2  9EBC               	bcf	188,7,c	;volatile
   264  007FC4                     l1132:
   265                           
   266                           ;main.c: 84:         if(temperature <= 1356)
   267  007FC4  0E4D               	movlw	77
   268  007FC6  5C05               	subwf	main@temperature^0,w,c
   269  007FC8  0E05               	movlw	5
   270  007FCA  5806               	subwfb	(main@temperature+1)^0,w,c
   271  007FCC  B0D8               	btfsc	status,0,c
   272  007FCE  EFEB  F03F         	goto	u121
   273  007FD2  EFED  F03F         	goto	u120
   274  007FD6                     u121:
   275  007FD6  EFEE  F03F         	goto	l1134
   276  007FDA                     u120:
   277  007FDA  88BC               	bsf	188,4,c	;volatile
   278  007FDC                     l1134:
   279                           
   280                           ;main.c: 89:         if(temperature >= 1634)
   281  007FDC  0E62               	movlw	98
   282  007FDE  5C05               	subwf	main@temperature^0,w,c
   283  007FE0  0E06               	movlw	6
   284  007FE2  5806               	subwfb	(main@temperature+1)^0,w,c
   285  007FE4  A0D8               	btfss	status,0,c
   286  007FE6  EFF7  F03F         	goto	u131
   287  007FEA  EFF9  F03F         	goto	u130
   288  007FEE                     u131:
   289  007FEE  EFB5  F03F         	goto	l1120
   290  007FF2                     u130:
   291  007FF2  98BC               	bcf	188,4,c	;volatile
   292  007FF4  EFB5  F03F         	goto	l1120
   293  007FF8  EFFE  F03F         	goto	start
   294  007FFC                     __end_of_main:
   295                           	callstack 0
   296                           
   297 ;; *************** function _SYSTEM_Initialize *****************
   298 ;; Defined at:
   299 ;;		line 50 in file "mcc_generated_files/mcc.c"
   300 ;; Parameters:    Size  Location     Type
   301 ;;		None
   302 ;; Auto vars:     Size  Location     Type
   303 ;;		None
   304 ;; Return value:  Size  Location     Type
   305 ;;                  1    wreg      void 
   306 ;; Registers used:
   307 ;;		wreg, status,2, cstack
   308 ;; Tracked objects:
   309 ;;		On entry : 0/0
   310 ;;		On exit  : 0/0
   311 ;;		Unchanged: 0/0
   312 ;; Data sizes:     COMRAM   BANK0   BANK1   BANK2   BANK3   BANK4   BANK5   BANK6   BANK7
   313 ;;      Params:         0       0       0       0       0       0       0       0       0
   314 ;;      Locals:         0       0       0       0       0       0       0       0       0
   315 ;;      Temps:          0       0       0       0       0       0       0       0       0
   316 ;;      Totals:         0       0       0       0       0       0       0       0       0
   317 ;;Total ram usage:        0 bytes
   318 ;; Hardware stack levels used: 1
   319 ;; Hardware stack levels required when called: 1
   320 ;; This function calls:
   321 ;;		_ADCC_Initialize
   322 ;;		_OSCILLATOR_Initialize
   323 ;;		_PIN_MANAGER_Initialize
   324 ;;		_PMD_Initialize
   325 ;; This function is called by:
   326 ;;		_main
   327 ;; This function uses a non-reentrant model
   328 ;;
   329                           
   330                           	psect	text1
   331  007E32                     __ptext1:
   332                           	callstack 0
   333  007E32                     _SYSTEM_Initialize:
   334                           	callstack 29
   335  007E32                     
   336                           ;mcc_generated_files/mcc.c: 52:     PMD_Initialize();
   337  007E32  EC44  F03F         	call	_PMD_Initialize	;wreg free
   338                           
   339                           ;mcc_generated_files/mcc.c: 53:     PIN_MANAGER_Initialize();
   340  007E36  EC84  F03F         	call	_PIN_MANAGER_Initialize	;wreg free
   341                           
   342                           ;mcc_generated_files/mcc.c: 54:     OSCILLATOR_Initialize();
   343  007E3A  EC38  F03F         	call	_OSCILLATOR_Initialize	;wreg free
   344                           
   345                           ;mcc_generated_files/mcc.c: 55:     ADCC_Initialize();
   346  007E3E  EC56  F03F         	call	_ADCC_Initialize	;wreg free
   347  007E42  0012               	return		;funcret
   348  007E44                     __end_of_SYSTEM_Initialize:
   349                           	callstack 0
   350                           
   351 ;; *************** function _PMD_Initialize *****************
   352 ;; Defined at:
   353 ;;		line 72 in file "mcc_generated_files/mcc.c"
   354 ;; Parameters:    Size  Location     Type
   355 ;;		None
   356 ;; Auto vars:     Size  Location     Type
   357 ;;		None
   358 ;; Return value:  Size  Location     Type
   359 ;;                  1    wreg      void 
   360 ;; Registers used:
   361 ;;		wreg, status,2
   362 ;; Tracked objects:
   363 ;;		On entry : 0/0
   364 ;;		On exit  : 0/0
   365 ;;		Unchanged: 0/0
   366 ;; Data sizes:     COMRAM   BANK0   BANK1   BANK2   BANK3   BANK4   BANK5   BANK6   BANK7
   367 ;;      Params:         0       0       0       0       0       0       0       0       0
   368 ;;      Locals:         0       0       0       0       0       0       0       0       0
   369 ;;      Temps:          0       0       0       0       0       0       0       0       0
   370 ;;      Totals:         0       0       0       0       0       0       0       0       0
   371 ;;Total ram usage:        0 bytes
   372 ;; Hardware stack levels used: 1
   373 ;; This function calls:
   374 ;;		Nothing
   375 ;; This function is called by:
   376 ;;		_SYSTEM_Initialize
   377 ;; This function uses a non-reentrant model
   378 ;;
   379                           
   380                           	psect	text2
   381  007E88                     __ptext2:
   382                           	callstack 0
   383  007E88                     _PMD_Initialize:
   384                           	callstack 29
   385  007E88                     
   386                           ;mcc_generated_files/mcc.c: 75:     PMD0 = 0x00;
   387  007E88  0E00               	movlw	0
   388  007E8A  0139               	movlb	57	; () banked
   389  007E8C  6FC0               	movwf	192,b	;volatile
   390                           
   391                           ;mcc_generated_files/mcc.c: 77:     PMD1 = 0x00;
   392  007E8E  0E00               	movlw	0
   393  007E90  6FC1               	movwf	193,b	;volatile
   394                           
   395                           ;mcc_generated_files/mcc.c: 79:     PMD2 = 0x00;
   396  007E92  0E00               	movlw	0
   397  007E94  6FC2               	movwf	194,b	;volatile
   398                           
   399                           ;mcc_generated_files/mcc.c: 81:     PMD3 = 0x00;
   400  007E96  0E00               	movlw	0
   401  007E98  6FC3               	movwf	195,b	;volatile
   402                           
   403                           ;mcc_generated_files/mcc.c: 83:     PMD4 = 0x00;
   404  007E9A  0E00               	movlw	0
   405  007E9C  6FC4               	movwf	196,b	;volatile
   406                           
   407                           ;mcc_generated_files/mcc.c: 85:     PMD5 = 0x00;
   408  007E9E  0E00               	movlw	0
   409  007EA0  6FC5               	movwf	197,b	;volatile
   410                           
   411                           ;mcc_generated_files/mcc.c: 87:     PMD6 = 0x00;
   412  007EA2  0E00               	movlw	0
   413  007EA4  6FC6               	movwf	198,b	;volatile
   414                           
   415                           ;mcc_generated_files/mcc.c: 89:     PMD7 = 0x00;
   416  007EA6  0E00               	movlw	0
   417  007EA8  6FC7               	movwf	199,b	;volatile
   418  007EAA                     
   419                           ; BSR set to: 57
   420  007EAA  0012               	return		;funcret
   421  007EAC                     __end_of_PMD_Initialize:
   422                           	callstack 0
   423                           
   424 ;; *************** function _PIN_MANAGER_Initialize *****************
   425 ;; Defined at:
   426 ;;		line 55 in file "mcc_generated_files/pin_manager.c"
   427 ;; Parameters:    Size  Location     Type
   428 ;;		None
   429 ;; Auto vars:     Size  Location     Type
   430 ;;		None
   431 ;; Return value:  Size  Location     Type
   432 ;;                  1    wreg      void 
   433 ;; Registers used:
   434 ;;		wreg, status,2
   435 ;; Tracked objects:
   436 ;;		On entry : 0/0
   437 ;;		On exit  : 0/0
   438 ;;		Unchanged: 0/0
   439 ;; Data sizes:     COMRAM   BANK0   BANK1   BANK2   BANK3   BANK4   BANK5   BANK6   BANK7
   440 ;;      Params:         0       0       0       0       0       0       0       0       0
   441 ;;      Locals:         0       0       0       0       0       0       0       0       0
   442 ;;      Temps:          0       0       0       0       0       0       0       0       0
   443 ;;      Totals:         0       0       0       0       0       0       0       0       0
   444 ;;Total ram usage:        0 bytes
   445 ;; Hardware stack levels used: 1
   446 ;; This function calls:
   447 ;;		Nothing
   448 ;; This function is called by:
   449 ;;		_SYSTEM_Initialize
   450 ;; This function uses a non-reentrant model
   451 ;;
   452                           
   453                           	psect	text3
   454  007F08                     __ptext3:
   455                           	callstack 0
   456  007F08                     _PIN_MANAGER_Initialize:
   457                           	callstack 29
   458  007F08                     
   459                           ;mcc_generated_files/pin_manager.c: 60:     LATA = 0x00;
   460  007F08  0E00               	movlw	0
   461  007F0A  6EBA               	movwf	186,c	;volatile
   462                           
   463                           ;mcc_generated_files/pin_manager.c: 61:     LATB = 0x00;
   464  007F0C  0E00               	movlw	0
   465  007F0E  6EBB               	movwf	187,c	;volatile
   466                           
   467                           ;mcc_generated_files/pin_manager.c: 62:     LATC = 0x00;
   468  007F10  0E00               	movlw	0
   469  007F12  6EBC               	movwf	188,c	;volatile
   470                           
   471                           ;mcc_generated_files/pin_manager.c: 67:     TRISA = 0x01;
   472  007F14  0E01               	movlw	1
   473  007F16  6EC2               	movwf	194,c	;volatile
   474                           
   475                           ;mcc_generated_files/pin_manager.c: 68:     TRISB = 0xC0;
   476  007F18  0EC0               	movlw	192
   477  007F1A  6EC3               	movwf	195,c	;volatile
   478                           
   479                           ;mcc_generated_files/pin_manager.c: 69:     TRISC = 0x00;
   480  007F1C  0E00               	movlw	0
   481  007F1E  6EC4               	movwf	196,c	;volatile
   482  007F20                     
   483                           ;mcc_generated_files/pin_manager.c: 74:     ANSELC = 0xFF;
   484  007F20  013A               	movlb	58	; () banked
   485  007F22  6960               	setf	96,b	;volatile
   486  007F24                     
   487                           ; BSR set to: 58
   488                           ;mcc_generated_files/pin_manager.c: 75:     ANSELB = 0xFF;
   489  007F24  6950               	setf	80,b	;volatile
   490  007F26                     
   491                           ; BSR set to: 58
   492                           ;mcc_generated_files/pin_manager.c: 76:     ANSELA = 0xFF;
   493  007F26  6940               	setf	64,b	;volatile
   494                           
   495                           ;mcc_generated_files/pin_manager.c: 81:     WPUE = 0x00;
   496  007F28  0E00               	movlw	0
   497  007F2A  6F81               	movwf	129,b	;volatile
   498                           
   499                           ;mcc_generated_files/pin_manager.c: 82:     WPUB = 0x00;
   500  007F2C  0E00               	movlw	0
   501  007F2E  6F51               	movwf	81,b	;volatile
   502                           
   503                           ;mcc_generated_files/pin_manager.c: 83:     WPUA = 0x00;
   504  007F30  0E00               	movlw	0
   505  007F32  6F41               	movwf	65,b	;volatile
   506                           
   507                           ;mcc_generated_files/pin_manager.c: 84:     WPUC = 0x00;
   508  007F34  0E00               	movlw	0
   509  007F36  6F61               	movwf	97,b	;volatile
   510                           
   511                           ;mcc_generated_files/pin_manager.c: 89:     RB1I2C = 0x00;
   512  007F38  0E00               	movlw	0
   513  007F3A  6F5A               	movwf	90,b	;volatile
   514                           
   515                           ;mcc_generated_files/pin_manager.c: 90:     RB2I2C = 0x00;
   516  007F3C  0E00               	movlw	0
   517  007F3E  6F5B               	movwf	91,b	;volatile
   518                           
   519                           ;mcc_generated_files/pin_manager.c: 91:     RC3I2C = 0x00;
   520  007F40  0E00               	movlw	0
   521  007F42  6F6A               	movwf	106,b	;volatile
   522                           
   523                           ;mcc_generated_files/pin_manager.c: 92:     RC4I2C = 0x00;
   524  007F44  0E00               	movlw	0
   525  007F46  6F6B               	movwf	107,b	;volatile
   526                           
   527                           ;mcc_generated_files/pin_manager.c: 97:     ODCONA = 0x00;
   528  007F48  0E00               	movlw	0
   529  007F4A  6F42               	movwf	66,b	;volatile
   530                           
   531                           ;mcc_generated_files/pin_manager.c: 98:     ODCONB = 0x00;
   532  007F4C  0E00               	movlw	0
   533  007F4E  6F52               	movwf	82,b	;volatile
   534                           
   535                           ;mcc_generated_files/pin_manager.c: 99:     ODCONC = 0x00;
   536  007F50  0E00               	movlw	0
   537  007F52  6F62               	movwf	98,b	;volatile
   538  007F54                     
   539                           ; BSR set to: 58
   540                           ;mcc_generated_files/pin_manager.c: 104:     SLRCONA = 0xFF;
   541  007F54  6943               	setf	67,b	;volatile
   542  007F56                     
   543                           ; BSR set to: 58
   544                           ;mcc_generated_files/pin_manager.c: 105:     SLRCONB = 0xFF;
   545  007F56  6953               	setf	83,b	;volatile
   546  007F58                     
   547                           ; BSR set to: 58
   548                           ;mcc_generated_files/pin_manager.c: 106:     SLRCONC = 0xFF;
   549  007F58  6963               	setf	99,b	;volatile
   550  007F5A                     
   551                           ; BSR set to: 58
   552                           ;mcc_generated_files/pin_manager.c: 111:     INLVLA = 0xFF;
   553  007F5A  6944               	setf	68,b	;volatile
   554  007F5C                     
   555                           ; BSR set to: 58
   556                           ;mcc_generated_files/pin_manager.c: 112:     INLVLB = 0xFF;
   557  007F5C  6954               	setf	84,b	;volatile
   558  007F5E                     
   559                           ; BSR set to: 58
   560                           ;mcc_generated_files/pin_manager.c: 113:     INLVLC = 0xFF;
   561  007F5E  6964               	setf	100,b	;volatile
   562                           
   563                           ;mcc_generated_files/pin_manager.c: 114:     INLVLE = 0x08;
   564  007F60  0E08               	movlw	8
   565  007F62  6F84               	movwf	132,b	;volatile
   566  007F64                     
   567                           ; BSR set to: 58
   568  007F64  0012               	return		;funcret
   569  007F66                     __end_of_PIN_MANAGER_Initialize:
   570                           	callstack 0
   571                           
   572 ;; *************** function _OSCILLATOR_Initialize *****************
   573 ;; Defined at:
   574 ;;		line 58 in file "mcc_generated_files/mcc.c"
   575 ;; Parameters:    Size  Location     Type
   576 ;;		None
   577 ;; Auto vars:     Size  Location     Type
   578 ;;		None
   579 ;; Return value:  Size  Location     Type
   580 ;;                  1    wreg      void 
   581 ;; Registers used:
   582 ;;		wreg, status,2
   583 ;; Tracked objects:
   584 ;;		On entry : 0/0
   585 ;;		On exit  : 0/0
   586 ;;		Unchanged: 0/0
   587 ;; Data sizes:     COMRAM   BANK0   BANK1   BANK2   BANK3   BANK4   BANK5   BANK6   BANK7
   588 ;;      Params:         0       0       0       0       0       0       0       0       0
   589 ;;      Locals:         0       0       0       0       0       0       0       0       0
   590 ;;      Temps:          0       0       0       0       0       0       0       0       0
   591 ;;      Totals:         0       0       0       0       0       0       0       0       0
   592 ;;Total ram usage:        0 bytes
   593 ;; Hardware stack levels used: 1
   594 ;; This function calls:
   595 ;;		Nothing
   596 ;; This function is called by:
   597 ;;		_SYSTEM_Initialize
   598 ;; This function uses a non-reentrant model
   599 ;;
   600                           
   601                           	psect	text4
   602  007E70                     __ptext4:
   603                           	callstack 0
   604  007E70                     _OSCILLATOR_Initialize:
   605                           	callstack 29
   606  007E70                     
   607                           ;mcc_generated_files/mcc.c: 61:     OSCCON1 = 0x62;
   608  007E70  0E62               	movlw	98
   609  007E72  0139               	movlb	57	; () banked
   610  007E74  6FD9               	movwf	217,b	;volatile
   611                           
   612                           ;mcc_generated_files/mcc.c: 63:     OSCCON3 = 0x00;
   613  007E76  0E00               	movlw	0
   614  007E78  6FDB               	movwf	219,b	;volatile
   615                           
   616                           ;mcc_generated_files/mcc.c: 65:     OSCEN = 0x00;
   617  007E7A  0E00               	movlw	0
   618  007E7C  6FDD               	movwf	221,b	;volatile
   619                           
   620                           ;mcc_generated_files/mcc.c: 67:     OSCFRQ = 0x05;
   621  007E7E  0E05               	movlw	5
   622  007E80  6FDF               	movwf	223,b	;volatile
   623                           
   624                           ;mcc_generated_files/mcc.c: 69:     OSCTUNE = 0x00;
   625  007E82  0E00               	movlw	0
   626  007E84  6FDE               	movwf	222,b	;volatile
   627  007E86                     
   628                           ; BSR set to: 57
   629  007E86  0012               	return		;funcret
   630  007E88                     __end_of_OSCILLATOR_Initialize:
   631                           	callstack 0
   632                           
   633 ;; *************** function _ADCC_Initialize *****************
   634 ;; Defined at:
   635 ;;		line 62 in file "mcc_generated_files/adcc.c"
   636 ;; Parameters:    Size  Location     Type
   637 ;;		None
   638 ;; Auto vars:     Size  Location     Type
   639 ;;		None
   640 ;; Return value:  Size  Location     Type
   641 ;;                  1    wreg      void 
   642 ;; Registers used:
   643 ;;		wreg, status,2
   644 ;; Tracked objects:
   645 ;;		On entry : 0/0
   646 ;;		On exit  : 0/0
   647 ;;		Unchanged: 0/0
   648 ;; Data sizes:     COMRAM   BANK0   BANK1   BANK2   BANK3   BANK4   BANK5   BANK6   BANK7
   649 ;;      Params:         0       0       0       0       0       0       0       0       0
   650 ;;      Locals:         0       0       0       0       0       0       0       0       0
   651 ;;      Temps:          0       0       0       0       0       0       0       0       0
   652 ;;      Totals:         0       0       0       0       0       0       0       0       0
   653 ;;Total ram usage:        0 bytes
   654 ;; Hardware stack levels used: 1
   655 ;; This function calls:
   656 ;;		Nothing
   657 ;; This function is called by:
   658 ;;		_SYSTEM_Initialize
   659 ;; This function uses a non-reentrant model
   660 ;;
   661                           
   662                           	psect	text5
   663  007EAC                     __ptext5:
   664                           	callstack 0
   665  007EAC                     _ADCC_Initialize:
   666                           	callstack 29
   667  007EAC                     
   668                           ;mcc_generated_files/adcc.c: 66:     ADLTHL = 0x00;
   669  007EAC  0E00               	movlw	0
   670  007EAE  013E               	movlb	62	; () banked
   671  007EB0  6FDE               	movwf	222,b	;volatile
   672                           
   673                           ;mcc_generated_files/adcc.c: 68:     ADLTHH = 0x00;
   674  007EB2  0E00               	movlw	0
   675  007EB4  6FDF               	movwf	223,b	;volatile
   676                           
   677                           ;mcc_generated_files/adcc.c: 70:     ADUTHL = 0x00;
   678  007EB6  0E00               	movlw	0
   679  007EB8  6FE0               	movwf	224,b	;volatile
   680                           
   681                           ;mcc_generated_files/adcc.c: 72:     ADUTHH = 0x00;
   682  007EBA  0E00               	movlw	0
   683  007EBC  6FE1               	movwf	225,b	;volatile
   684                           
   685                           ;mcc_generated_files/adcc.c: 74:     ADSTPTL = 0x00;
   686  007EBE  0E00               	movlw	0
   687  007EC0  6FE4               	movwf	228,b	;volatile
   688                           
   689                           ;mcc_generated_files/adcc.c: 76:     ADSTPTH = 0x00;
   690  007EC2  0E00               	movlw	0
   691  007EC4  6FE5               	movwf	229,b	;volatile
   692                           
   693                           ;mcc_generated_files/adcc.c: 78:     ADACCU = 0x00;
   694  007EC6  0E00               	movlw	0
   695  007EC8  6FEA               	movwf	234,b	;volatile
   696                           
   697                           ;mcc_generated_files/adcc.c: 80:     ADRPT = 0x00;
   698  007ECA  0E00               	movlw	0
   699  007ECC  6FEC               	movwf	236,b	;volatile
   700                           
   701                           ;mcc_generated_files/adcc.c: 82:     ADPCH = 0x00;
   702  007ECE  0E00               	movlw	0
   703  007ED0  6FF1               	movwf	241,b	;volatile
   704                           
   705                           ;mcc_generated_files/adcc.c: 84:     ADACQL = 0x00;
   706  007ED2  0E00               	movlw	0
   707  007ED4  6FF3               	movwf	243,b	;volatile
   708                           
   709                           ;mcc_generated_files/adcc.c: 86:     ADACQH = 0x00;
   710  007ED6  0E00               	movlw	0
   711  007ED8  6FF4               	movwf	244,b	;volatile
   712                           
   713                           ;mcc_generated_files/adcc.c: 88:     ADCAP = 0x00;
   714  007EDA  0E00               	movlw	0
   715  007EDC  6FF5               	movwf	245,b	;volatile
   716                           
   717                           ;mcc_generated_files/adcc.c: 90:     ADPREL = 0x00;
   718  007EDE  0E00               	movlw	0
   719  007EE0  6FF6               	movwf	246,b	;volatile
   720                           
   721                           ;mcc_generated_files/adcc.c: 92:     ADPREH = 0x00;
   722  007EE2  0E00               	movlw	0
   723  007EE4  6FF7               	movwf	247,b	;volatile
   724                           
   725                           ;mcc_generated_files/adcc.c: 94:     ADCON1 = 0x00;
   726  007EE6  0E00               	movlw	0
   727  007EE8  6FF9               	movwf	249,b	;volatile
   728                           
   729                           ;mcc_generated_files/adcc.c: 96:     ADCON2 = 0x00;
   730  007EEA  0E00               	movlw	0
   731  007EEC  6FFA               	movwf	250,b	;volatile
   732                           
   733                           ;mcc_generated_files/adcc.c: 98:     ADCON3 = 0x00;
   734  007EEE  0E00               	movlw	0
   735  007EF0  6FFB               	movwf	251,b	;volatile
   736                           
   737                           ;mcc_generated_files/adcc.c: 100:     ADSTAT = 0x00;
   738  007EF2  0E00               	movlw	0
   739  007EF4  6FFC               	movwf	252,b	;volatile
   740                           
   741                           ;mcc_generated_files/adcc.c: 102:     ADREF = 0x00;
   742  007EF6  0E00               	movlw	0
   743  007EF8  6FFD               	movwf	253,b	;volatile
   744                           
   745                           ;mcc_generated_files/adcc.c: 104:     ADACT = 0x00;
   746  007EFA  0E00               	movlw	0
   747  007EFC  6FFE               	movwf	254,b	;volatile
   748                           
   749                           ;mcc_generated_files/adcc.c: 106:     ADCLK = 0x05;
   750  007EFE  0E05               	movlw	5
   751  007F00  6FFF               	movwf	255,b	;volatile
   752                           
   753                           ;mcc_generated_files/adcc.c: 108:     ADCON0 = 0x84;
   754  007F02  0E84               	movlw	132
   755  007F04  6FF8               	movwf	248,b	;volatile
   756  007F06                     
   757                           ; BSR set to: 62
   758  007F06  0012               	return		;funcret
   759  007F08                     __end_of_ADCC_Initialize:
   760                           	callstack 0
   761                           
   762 ;; *************** function _ADCC_StartConversion *****************
   763 ;; Defined at:
   764 ;;		line 113 in file "mcc_generated_files/adcc.c"
   765 ;; Parameters:    Size  Location     Type
   766 ;;  channel         1    wreg     enum E15396
   767 ;; Auto vars:     Size  Location     Type
   768 ;;  channel         1    0[COMRAM] enum E15396
   769 ;; Return value:  Size  Location     Type
   770 ;;                  1    wreg      void 
   771 ;; Registers used:
   772 ;;		wreg
   773 ;; Tracked objects:
   774 ;;		On entry : 0/0
   775 ;;		On exit  : 0/0
   776 ;;		Unchanged: 0/0
   777 ;; Data sizes:     COMRAM   BANK0   BANK1   BANK2   BANK3   BANK4   BANK5   BANK6   BANK7
   778 ;;      Params:         0       0       0       0       0       0       0       0       0
   779 ;;      Locals:         1       0       0       0       0       0       0       0       0
   780 ;;      Temps:          0       0       0       0       0       0       0       0       0
   781 ;;      Totals:         1       0       0       0       0       0       0       0       0
   782 ;;Total ram usage:        1 bytes
   783 ;; Hardware stack levels used: 1
   784 ;; This function calls:
   785 ;;		Nothing
   786 ;; This function is called by:
   787 ;;		_main
   788 ;; This function uses a non-reentrant model
   789 ;;
   790                           
   791                           	psect	text6
   792  007E22                     __ptext6:
   793                           	callstack 0
   794  007E22                     _ADCC_StartConversion:
   795                           	callstack 30
   796                           
   797                           ; BSR set to: 62
   798                           ;incstack = 0
   799                           ;ADCC_StartConversion@channel stored from wreg
   800  007E22  6E01               	movwf	ADCC_StartConversion@channel^0,c
   801  007E24                     
   802                           ;mcc_generated_files/adcc.c: 113: void ADCC_StartConversion(adcc_channel_t channel);mcc_
      +                          generated_files/adcc.c: 114: {;mcc_generated_files/adcc.c: 116:     ADPCH = channel;
   803  007E24  0060  F007  FEF1   	movff	ADCC_StartConversion@channel,16113	;volatile
   804  007E2A                     
   805                           ;mcc_generated_files/adcc.c: 119:     ADCON0bits.ADON = 1;
   806  007E2A  013E               	movlb	62	; () banked
   807  007E2C  8FF8               	bsf	248,7,b	;volatile
   808  007E2E                     
   809                           ; BSR set to: 62
   810                           ;mcc_generated_files/adcc.c: 122:     ADCON0bits.ADGO = 1;
   811  007E2E  81F8               	bsf	248,0,b	;volatile
   812  007E30                     
   813                           ; BSR set to: 62
   814  007E30  0012               	return		;funcret
   815  007E32                     __end_of_ADCC_StartConversion:
   816                           	callstack 0
   817                           
   818 ;; *************** function _ADCC_IsConversionDone *****************
   819 ;; Defined at:
   820 ;;		line 125 in file "mcc_generated_files/adcc.c"
   821 ;; Parameters:    Size  Location     Type
   822 ;;		None
   823 ;; Auto vars:     Size  Location     Type
   824 ;;		None
   825 ;; Return value:  Size  Location     Type
   826 ;;                  1    wreg      _Bool 
   827 ;; Registers used:
   828 ;;		wreg
   829 ;; Tracked objects:
   830 ;;		On entry : 0/0
   831 ;;		On exit  : 0/0
   832 ;;		Unchanged: 0/0
   833 ;; Data sizes:     COMRAM   BANK0   BANK1   BANK2   BANK3   BANK4   BANK5   BANK6   BANK7
   834 ;;      Params:         0       0       0       0       0       0       0       0       0
   835 ;;      Locals:         0       0       0       0       0       0       0       0       0
   836 ;;      Temps:          0       0       0       0       0       0       0       0       0
   837 ;;      Totals:         0       0       0       0       0       0       0       0       0
   838 ;;Total ram usage:        0 bytes
   839 ;; Hardware stack levels used: 1
   840 ;; This function calls:
   841 ;;		Nothing
   842 ;; This function is called by:
   843 ;;		_main
   844 ;; This function uses a non-reentrant model
   845 ;;
   846                           
   847                           	psect	text7
   848  007E5A                     __ptext7:
   849                           	callstack 0
   850  007E5A                     _ADCC_IsConversionDone:
   851                           	callstack 30
   852  007E5A                     
   853                           ;mcc_generated_files/adcc.c: 128:     return ((unsigned char)(!ADCON0bits.ADGO));
   854  007E5A  013E               	movlb	62	; () banked
   855  007E5C  A1F8               	btfss	248,0,b	;volatile
   856  007E5E  EF33  F03F         	goto	u11
   857  007E62  EF36  F03F         	goto	u10
   858  007E66                     u11:
   859  007E66  0E01               	movlw	1
   860  007E68  EF37  F03F         	goto	u20
   861  007E6C                     u10:
   862  007E6C  0E00               	movlw	0
   863  007E6E                     u20:
   864  007E6E                     
   865                           ; BSR set to: 62
   866  007E6E  0012               	return		;funcret
   867  007E70                     __end_of_ADCC_IsConversionDone:
   868                           	callstack 0
   869                           
   870 ;; *************** function _ADCC_GetConversionResult *****************
   871 ;; Defined at:
   872 ;;		line 131 in file "mcc_generated_files/adcc.c"
   873 ;; Parameters:    Size  Location     Type
   874 ;;		None
   875 ;; Auto vars:     Size  Location     Type
   876 ;;		None
   877 ;; Return value:  Size  Location     Type
   878 ;;                  2    0[COMRAM] unsigned short 
   879 ;; Registers used:
   880 ;;		wreg, status,2, status,0
   881 ;; Tracked objects:
   882 ;;		On entry : 0/0
   883 ;;		On exit  : 0/0
   884 ;;		Unchanged: 0/0
   885 ;; Data sizes:     COMRAM   BANK0   BANK1   BANK2   BANK3   BANK4   BANK5   BANK6   BANK7
   886 ;;      Params:         2       0       0       0       0       0       0       0       0
   887 ;;      Locals:         0       0       0       0       0       0       0       0       0
   888 ;;      Temps:          2       0       0       0       0       0       0       0       0
   889 ;;      Totals:         4       0       0       0       0       0       0       0       0
   890 ;;Total ram usage:        4 bytes
   891 ;; Hardware stack levels used: 1
   892 ;; This function calls:
   893 ;;		Nothing
   894 ;; This function is called by:
   895 ;;		_main
   896 ;; This function uses a non-reentrant model
   897 ;;
   898                           
   899                           	psect	text8
   900  007E44                     __ptext8:
   901                           	callstack 0
   902  007E44                     _ADCC_GetConversionResult:
   903                           	callstack 30
   904  007E44                     
   905                           ;mcc_generated_files/adcc.c: 134:     return ((adc_result_t)((ADRESH << 8) + ADRESL));
   906  007E44  013E               	movlb	62	; () banked
   907  007E46  51F0               	movf	240,w,b	;volatile
   908  007E48  6E04               	movwf	(??_ADCC_GetConversionResult+1)^0,c
   909  007E4A  6A03               	clrf	??_ADCC_GetConversionResult^0,c
   910  007E4C  51EF               	movf	239,w,b	;volatile
   911  007E4E  2403               	addwf	??_ADCC_GetConversionResult^0,w,c
   912  007E50  6E01               	movwf	?_ADCC_GetConversionResult^0,c
   913  007E52  0E00               	movlw	0
   914  007E54  2004               	addwfc	(??_ADCC_GetConversionResult+1)^0,w,c
   915  007E56  6E02               	movwf	(?_ADCC_GetConversionResult+1)^0,c
   916  007E58                     
   917                           ; BSR set to: 62
   918  007E58  0012               	return		;funcret
   919  007E5A                     __end_of_ADCC_GetConversionResult:
   920                           	callstack 0
   921  0000                     
   922                           	psect	rparam
   923  0000                     
   924                           	psect	idloc
   925                           
   926                           ;Config register IDLOC0 @ 0x200000
   927                           ;	unspecified, using default values
   928  200000                     	org	2097152
   929  200000  0FFF               	dw	4095
   930                           
   931                           ;Config register IDLOC1 @ 0x200002
   932                           ;	unspecified, using default values
   933  200002                     	org	2097154
   934  200002  0FFF               	dw	4095
   935                           
   936                           ;Config register IDLOC2 @ 0x200004
   937                           ;	unspecified, using default values
   938  200004                     	org	2097156
   939  200004  0FFF               	dw	4095
   940                           
   941                           ;Config register IDLOC3 @ 0x200006
   942                           ;	unspecified, using default values
   943  200006                     	org	2097158
   944  200006  0FFF               	dw	4095
   945                           
   946                           ;Config register IDLOC4 @ 0x200008
   947                           ;	unspecified, using default values
   948  200008                     	org	2097160
   949  200008  0FFF               	dw	4095
   950                           
   951                           ;Config register IDLOC5 @ 0x20000A
   952                           ;	unspecified, using default values
   953  20000A                     	org	2097162
   954  20000A  0FFF               	dw	4095
   955                           
   956                           ;Config register IDLOC6 @ 0x20000C
   957                           ;	unspecified, using default values
   958  20000C                     	org	2097164
   959  20000C  0FFF               	dw	4095
   960                           
   961                           ;Config register IDLOC7 @ 0x20000E
   962                           ;	unspecified, using default values
   963  20000E                     	org	2097166
   964  20000E  0FFF               	dw	4095
   965                           
   966                           	psect	config
   967                           
   968                           ;Config register CONFIG1L @ 0x300000
   969                           ;	External Oscillator Selection
   970                           ;	FEXTOSC = OFF, Oscillator not enabled
   971                           ;	Reset Oscillator Selection
   972                           ;	RSTOSC = HFINTOSC_1MHZ, HFINTOSC with HFFRQ = 4 MHz and CDIV = 4:1
   973  300000                     	org	3145728
   974  300000  EC                 	db	236
   975                           
   976                           ;Config register CONFIG1H @ 0x300001
   977                           ;	Clock out Enable bit
   978                           ;	CLKOUTEN = OFF, CLKOUT function is disabled
   979                           ;	PRLOCKED One-Way Set Enable bit
   980                           ;	PR1WAY = ON, PRLOCK bit can be cleared and set only once
   981                           ;	Clock Switch Enable bit
   982                           ;	CSWEN = ON, Writing to NOSC and NDIV is allowed
   983                           ;	Fail-Safe Clock Monitor Enable bit
   984                           ;	FCMEN = ON, Fail-Safe Clock Monitor enabled
   985  300001                     	org	3145729
   986  300001  FF                 	db	255
   987                           
   988                           ;Config register CONFIG2L @ 0x300002
   989                           ;	MCLR Enable bit
   990                           ;	MCLRE = EXTMCLR, If LVP = 0, MCLR pin is MCLR; If LVP = 1, RE3 pin function is MCLR
   991                           ;	Power-up timer selection bits
   992                           ;	PWRTS = PWRT_OFF, PWRT is disabled
   993                           ;	Multi-vector enable bit
   994                           ;	MVECEN = OFF, Interrupt contoller does not use vector table to prioritze interrupts
   995                           ;	IVTLOCK bit One-way set enable bit
   996                           ;	IVT1WAY = ON, IVTLOCK bit can be cleared and set only once
   997                           ;	Low Power BOR Enable bit
   998                           ;	LPBOREN = OFF, ULPBOR disabled
   999                           ;	Brown-out Reset Enable bits
  1000                           ;	BOREN = SBORDIS, Brown-out Reset enabled , SBOREN bit is ignored
  1001  300002                     	org	3145730
  1002  300002  F7                 	db	247
  1003                           
  1004                           ;Config register CONFIG2H @ 0x300003
  1005                           ;	Brown-out Reset Voltage Selection bits
  1006                           ;	BORV = VBOR_2P85, Brown-out Reset Voltage (VBOR) set to 2.8V
  1007                           ;	ZCD Disable bit
  1008                           ;	ZCD = OFF, ZCD disabled. ZCD can be enabled by setting the ZCDSEN bit of ZCDCON
  1009                           ;	PPSLOCK bit One-Way Set Enable bit
  1010                           ;	PPS1WAY = ON, PPSLOCK bit can be cleared and set only once; PPS registers remain locke
      +                          d after one clear/set cycle
  1011                           ;	Stack Full/Underflow Reset Enable bit
  1012                           ;	STVREN = ON, Stack full/underflow will cause Reset
  1013                           ;	Debugger Enable bit
  1014                           ;	DEBUG = ON, Background debugger enabled
  1015                           ;	Extended Instruction Set Enable bit
  1016                           ;	XINST = OFF, Extended Instruction Set and Indexed Addressing Mode disabled
  1017  300003                     	org	3145731
  1018  300003  DC                 	db	220
  1019                           
  1020                           ;Config register CONFIG3L @ 0x300004
  1021                           ;	WDT Period selection bits
  1022                           ;	WDTCPS = WDTCPS_31, Divider ratio 1:65536; software control of WDTPS
  1023                           ;	WDT operating mode
  1024                           ;	WDTE = OFF, WDT Disabled; SWDTEN is ignored
  1025  300004                     	org	3145732
  1026  300004  9F                 	db	159
  1027                           
  1028                           ;Config register CONFIG3H @ 0x300005
  1029                           ;	WDT Window Select bits
  1030                           ;	WDTCWS = WDTCWS_7, window always open (100%); software control; keyed access not requi
      +                          red
  1031                           ;	WDT input clock selector
  1032                           ;	WDTCCS = SC, Software Control
  1033  300005                     	org	3145733
  1034  300005  FF                 	db	255
  1035                           
  1036                           ;Config register CONFIG4L @ 0x300006
  1037                           ;	Boot Block Size selection bits
  1038                           ;	BBSIZE = BBSIZE_512, Boot Block size is 512 words
  1039                           ;	Boot Block enable bit
  1040                           ;	BBEN = OFF, Boot block disabled
  1041                           ;	Storage Area Flash enable bit
  1042                           ;	SAFEN = OFF, SAF disabled
  1043                           ;	Application Block write protection bit
  1044                           ;	WRTAPP = OFF, Application Block not write protected
  1045  300006                     	org	3145734
  1046  300006  FF                 	db	255
  1047                           
  1048                           ;Config register CONFIG4H @ 0x300007
  1049                           ;	Configuration Register Write Protection bit
  1050                           ;	WRTB = OFF, Configuration registers (300000-30000Bh) not write-protected
  1051                           ;	Boot Block Write Protection bit
  1052                           ;	WRTC = OFF, Boot Block (000000-0007FFh) not write-protected
  1053                           ;	Data EEPROM Write Protection bit
  1054                           ;	WRTD = OFF, Data EEPROM not write-protected
  1055                           ;	SAF Write protection bit
  1056                           ;	WRTSAF = OFF, SAF not Write Protected
  1057                           ;	Low Voltage Programming Enable bit
  1058                           ;	LVP = ON, Low voltage programming enabled. MCLR/VPP pin function is MCLR. MCLRE config
      +                          uration bit is ignored
  1059  300007                     	org	3145735
  1060  300007  FF                 	db	255
  1061                           
  1062                           ;Config register CONFIG5L @ 0x300008
  1063                           ;	PFM and Data EEPROM Code Protection bit
  1064                           ;	CP = OFF, PFM and Data EEPROM code protection disabled
  1065  300008                     	org	3145736
  1066  300008  FF                 	db	255
  1067                           
  1068                           ;Config register CONFIG5H @ 0x300009
  1069                           ;	unspecified, using default values
  1070  300009                     	org	3145737
  1071  300009  FF                 	db	255
  1072                           tosu	equ	0x3FFF
  1073                           tosh	equ	0x3FFE
  1074                           tosl	equ	0x3FFD
  1075                           stkptr	equ	0x3FFC
  1076                           pclatu	equ	0x3FFB
  1077                           pclath	equ	0x3FFA
  1078                           pcl	equ	0x3FF9
  1079                           tblptru	equ	0x3FF8
  1080                           tblptrh	equ	0x3FF7
  1081                           tblptrl	equ	0x3FF6
  1082                           tablat	equ	0x3FF5
  1083                           prodh	equ	0x3FF4
  1084                           prodl	equ	0x3FF3
  1085                           indf0	equ	0x3FEF
  1086                           postinc0	equ	0x3FEE
  1087                           postdec0	equ	0x3FED
  1088                           preinc0	equ	0x3FEC
  1089                           plusw0	equ	0x3FEB
  1090                           fsr0h	equ	0x3FEA
  1091                           fsr0l	equ	0x3FE9
  1092                           wreg	equ	0x3FE8
  1093                           indf1	equ	0x3FE7
  1094                           postinc1	equ	0x3FE6
  1095                           postdec1	equ	0x3FE5
  1096                           preinc1	equ	0x3FE4
  1097                           plusw1	equ	0x3FE3
  1098                           fsr1h	equ	0x3FE2
  1099                           fsr1l	equ	0x3FE1
  1100                           bsr	equ	0x3FE0
  1101                           indf2	equ	0x3FDF
  1102                           postinc2	equ	0x3FDE
  1103                           postdec2	equ	0x3FDD
  1104                           preinc2	equ	0x3FDC
  1105                           plusw2	equ	0x3FDB
  1106                           fsr2h	equ	0x3FDA
  1107                           fsr2l	equ	0x3FD9
  1108                           status	equ	0x3FD8

Data Sizes:
    Strings     0
    Constant    0
    Data        0
    BSS         0
    Persistent  0
    Stack       0

Auto Spaces:
    Space          Size  Autos    Used
    COMRAM           95      6       6
    BANK0           160      0       0
    BANK1           256      0       0
    BANK2           256      0       0
    BANK3           256      0       0
    BANK4           256      0       0
    BANK5           256      0       0
    BANK6           256      0       0
    BANK7           256      0       0

Pointer List with Targets:

    None.

Critical Paths under _main in COMRAM

    _main->_ADCC_GetConversionResult

Critical Paths under _main in BANK0

    None.

Critical Paths under _main in BANK1

    None.

Critical Paths under _main in BANK2

    None.

Critical Paths under _main in BANK3

    None.

Critical Paths under _main in BANK4

    None.

Critical Paths under _main in BANK5

    None.

Critical Paths under _main in BANK6

    None.

Critical Paths under _main in BANK7

    None.

Call Graph Tables:

 ---------------------------------------------------------------------------------
 (Depth) Function   	        Calls       Base Space   Used Autos Params    Refs
 ---------------------------------------------------------------------------------
 (0) _main                                                 4     4      0     127
                                              4 COMRAM     2     2      0
           _ADCC_GetConversionResult
              _ADCC_IsConversionDone
               _ADCC_StartConversion
                  _SYSTEM_Initialize
 ---------------------------------------------------------------------------------
 (1) _SYSTEM_Initialize                                    0     0      0       0
                    _ADCC_Initialize
              _OSCILLATOR_Initialize
             _PIN_MANAGER_Initialize
                     _PMD_Initialize
 ---------------------------------------------------------------------------------
 (2) _PMD_Initialize                                       0     0      0       0
 ---------------------------------------------------------------------------------
 (2) _PIN_MANAGER_Initialize                               0     0      0       0
 ---------------------------------------------------------------------------------
 (2) _OSCILLATOR_Initialize                                0     0      0       0
 ---------------------------------------------------------------------------------
 (2) _ADCC_Initialize                                      0     0      0       0
 ---------------------------------------------------------------------------------
 (1) _ADCC_StartConversion                                 1     1      0      15
                                              0 COMRAM     1     1      0
 ---------------------------------------------------------------------------------
 (1) _ADCC_IsConversionDone                                0     0      0       0
 ---------------------------------------------------------------------------------
 (1) _ADCC_GetConversionResult                             4     2      2       0
                                              0 COMRAM     4     2      2
 ---------------------------------------------------------------------------------
 Estimated maximum stack depth 2
 ---------------------------------------------------------------------------------

 Call Graph Graphs:

 _main (ROOT)
   _ADCC_GetConversionResult
   _ADCC_IsConversionDone
   _ADCC_StartConversion
   _SYSTEM_Initialize
     _ADCC_Initialize
     _OSCILLATOR_Initialize
     _PIN_MANAGER_Initialize
     _PMD_Initialize

 Address spaces:
Name               Size   Autos  Total    Cost      Usage
BITCOMRAM           5F      0       0       0        0.0%
EEDATA             100      0       0       0        0.0%
NULL                 0      0       0       0        0.0%
CODE                 0      0       0       0        0.0%
COMRAM              5F      6       6       1        6.3%
STACK                0      0       0       2        0.0%
BITBANK0            A0      0       0       3        0.0%
BANK0               A0      0       0       4        0.0%
BITBANK1           100      0       0       5        0.0%
BANK1              100      0       0       6        0.0%
BITBANK2           100      0       0       7        0.0%
BANK2              100      0       0       8        0.0%
BITBANK3           100      0       0       9        0.0%
BANK3              100      0       0      10        0.0%
BITBANK4           100      0       0      11        0.0%
BANK4              100      0       0      12        0.0%
BITBANK5           100      0       0      13        0.0%
BANK5              100      0       0      14        0.0%
BITBANK6           100      0       0      15        0.0%
BANK6              100      0       0      16        0.0%
BITBANK7           100      0       0      17        0.0%
BANK7              100      0       0      18        0.0%
ABS                  0      0       0      19        0.0%
BIGRAM             7FF      0       0      20        0.0%
DATA                 0      0       0      21        0.0%
BITSFR_8             0      0       0     200        0.0%
SFR_8                0      0       0     200        0.0%
BITSFR_7             0      0       0     200        0.0%
SFR_7                0      0       0     200        0.0%
BITSFR_6             0      0       0     200        0.0%
SFR_6                0      0       0     200        0.0%
BITSFR_5             0      0       0     200        0.0%
SFR_5                0      0       0     200        0.0%
BITSFR_4             0      0       0     200        0.0%
SFR_4                0      0       0     200        0.0%
BITSFR_3             0      0       0     200        0.0%
SFR_3                0      0       0     200        0.0%
BITSFR_2             0      0       0     200        0.0%
SFR_2                0      0       0     200        0.0%
BITSFR_1             0      0       0     200        0.0%
SFR_1                0      0       0     200        0.0%
BITSFR               0      0       0     200        0.0%
SFR                  0      0       0     200        0.0%


Microchip Technology PIC18 Macro Assembler V2.32 build 20210201212658 
Symbol Table                                                                                   Fri Feb 25 13:46:06 2022

                               l40 7E86                                 l43 7EAA  
                               l37 7E42                                 l71 7FDA  
                               l65 7FAA                                 l74 7FF2  
                               l68 7FC2                                 u10 7E6C  
                               u11 7E66                                 u20 7E6E  
                               u90 7F88                                 u91 7F84  
                              l160 7E30                                l163 7E6E  
                              l157 7F06                                l166 7E58  
                              l295 7F64                                l980 7F24  
                              l990 7F5A                                l982 7F26  
                              l974 7E88                                l992 7F5C  
                              l984 7F54                                l976 7F08  
                              l994 7F5E                                l986 7F56  
                              l978 7F20                                l996 7E70  
                              l988 7F58                                l998 7EAC  
                              _RA0 01FE50                                u100 7FAA  
                              u101 7FA6                                u110 7FC2  
                              u111 7FBE                                u120 7FDA  
                              u121 7FD6                                u130 7FF2  
                              u131 7FEE            __size_of_PMD_Initialize 0024  
                             l1000 7E32                               l1002 7E24  
                             l1004 7E2A                               l1006 7E2E  
                             l1008 7E5A                               l1120 7F6A  
                             l1114 7E44                               l1130 7FAC  
                             l1122 7F74                               l1132 7FC4  
                             l1124 7F88                               l1134 7FDC  
                             l1126 7F94                               l1118 7F66  
                             l1128 7F94               _ADCC_StartConversion 7E22  
                             _LATA 003FBA                               _LATB 003FBB  
                             _LATC 003FBC                               _PMD0 0039C0  
                             _PMD1 0039C1                               _PMD2 0039C2  
                             _PMD3 0039C3                               _PMD4 0039C4  
                             _PMD5 0039C5                               _PMD6 0039C6  
                             _PMD7 0039C7                               _WPUA 003A41  
                             _WPUB 003A51                               _WPUC 003A61  
                             _WPUE 003A81                               _main 7F66  
                             start 7FFC                       ___param_bank 000000  
   __size_of_OSCILLATOR_Initialize 0018      __end_of_OSCILLATOR_Initialize 7E88  
                            _ADCAP 003EF5                              _ADACT 003EFE  
                            ?_main 0001                              _ADCLK 003EFF  
                            _ADCNT 003EEB                              _ADPCH 003EF1  
                            _ADREF 003EFD                              _ADRPT 003EEC  
                            _OSCEN 0039DD                              _TRISA 003FC2  
                            _TRISB 003FC3                              _TRISC 003FC4  
          ??_ADCC_IsConversionDone 0001              ?_ADCC_StartConversion 0001  
                            status 003FD8                    __initialization 7E1C  
                     __end_of_main 7FFC                             ??_main 0005  
                    __activetblptr 000000                             _ADACCH 003EE9  
                           _ADACCL 003EE8                             _ADACCU 003EEA  
                           _ADACQH 003EF4                             _ADACQL 003EF3  
                           _ADCON0 003EF8                             _ADCON1 003EF9  
                           _ADCON2 003EFA                             _ADCON3 003EFB  
                           _ADERRH 003EE3                             _ADERRL 003EE2  
                           _ADLTHH 003EDF                             _ADLTHL 003EDE  
                           _ADRESH 003EF0                             _ADRESL 003EEF  
                           _ADPREH 003EF7                             _ADPREL 003EF6  
                           _ADSTAT 003EFC                             _ADUTHH 003EE1  
                           _ADUTHL 003EE0                             _ANSELA 003A40  
                           _ANSELB 003A50                             _ANSELC 003A60  
                           _RB1I2C 003A5A                             _RB2I2C 003A5B  
                           _RC3I2C 003A6A                             _RC4I2C 003A6B  
                           _ODCONA 003A42                             _ODCONB 003A52  
                           _ODCONC 003A62                             _INLVLA 003A44  
                           _INLVLB 003A54                             _INLVLC 003A64  
                           _INLVLE 003A84                             _OSCFRQ 0039DF  
       ??_ADCC_GetConversionResult 0003                             isa$std 000001  
                  _ADCC_Initialize 7EAC                     _PMD_Initialize 7E88  
           ??_ADCC_StartConversion 0001                  _SYSTEM_Initialize 7E32  
                       __accesstop 0060            __end_of__initialization 7E1C  
               ?_SYSTEM_Initialize 0001                      ___rparam_used 000001  
                   __pcstackCOMRAM 0001                ??_SYSTEM_Initialize 0001  
           __end_of_PMD_Initialize 7EAC        ADCC_StartConversion@channel 0001  
        __end_of_SYSTEM_Initialize 7E44            __end_of_ADCC_Initialize 7F08  
                          _ADFLTRH 003EE7                            _ADFLTRL 003EE6  
                          _ADPREVH 003EEE                            _ADPREVL 003EED  
                          _ADSTPTH 003EE5                            _ADSTPTL 003EE4  
                  ?_PMD_Initialize 0001                            _OSCCON1 0039D9  
                          _OSCCON3 0039DB                            _OSCTUNE 0039DE  
                          _SLRCONA 003A43                            _SLRCONB 003A53  
                          _SLRCONC 003A63     __size_of_ADCC_IsConversionDone 0016  
    __end_of_ADCC_IsConversionDone 7E70                            __Hparam 0000  
                          __Lparam 0000                            __pcinit 7E1C  
                          __ramtop 0800                            __ptext0 7F66  
                          __ptext1 7E32                            __ptext2 7E88  
                          __ptext3 7F08                            __ptext4 7E70  
                          __ptext5 7EAC                            __ptext6 7E22  
                          __ptext7 7E5A                            __ptext8 7E44  
            _OSCILLATOR_Initialize 7E70           ??_PIN_MANAGER_Initialize 0001  
       __size_of_SYSTEM_Initialize 0012               end_of_initialization 7E1C  
                 ?_ADCC_Initialize 0001             ?_OSCILLATOR_Initialize 0001  
__size_of_ADCC_GetConversionResult 0016          ?_ADCC_GetConversionResult 0001  
              start_initialization 7E1C    __size_of_PIN_MANAGER_Initialize 005E  
    __size_of_ADCC_StartConversion 0010                   ??_PMD_Initialize 0001  
           _PIN_MANAGER_Initialize 7F08              _ADCC_IsConversionDone 7E5A  
                         _LATCbits 003FBC                         _ADCON0bits 003EF8  
                       _ADCON1bits 003EF9                         _ADCON2bits 003EFA  
                       _ADCON3bits 003EFB                         _ADSTATbits 003EFC  
                         __Hrparam 0000   __end_of_ADCC_GetConversionResult 7E5A  
                         __Lrparam 0000            ??_OSCILLATOR_Initialize 0001  
         __size_of_ADCC_Initialize 005C             ?_ADCC_IsConversionDone 0001  
                    __size_of_main 0096                           isa$xinst 000000  
     __end_of_ADCC_StartConversion 7E32                    main@temperature 0005  
          ?_PIN_MANAGER_Initialize 0001           _ADCC_GetConversionResult 7E44  
   __end_of_PIN_MANAGER_Initialize 7F66                  ??_ADCC_Initialize 0001  
